c:\users\eldar\desktop\new folder (3)\output\debug\vc141.pdb
c:\users\eldar\desktop\new folder (3)\output\debug\vc141.idb
c:\users\eldar\desktop\new folder (3)\output\debug\guidemo_graph.obj
c:\users\eldar\desktop\new folder (3)\output\debug\guidemo_iconview.obj
c:\users\eldar\desktop\new folder (3)\output\debug\guidemo_imageflow.obj
c:\users\eldar\desktop\new folder (3)\output\debug\guidemo_intro.obj
c:\users\eldar\desktop\new folder (3)\output\debug\guidemo_listview.obj
c:\users\eldar\desktop\new folder (3)\output\debug\guidemo_radialmenu.obj
c:\users\eldar\desktop\new folder (3)\output\debug\guidemo_resource.obj
c:\users\eldar\desktop\new folder (3)\output\debug\guidemo_skinning.obj
c:\users\eldar\desktop\new folder (3)\output\debug\guidemo_speed.obj
c:\users\eldar\desktop\new folder (3)\output\debug\guidemo_speedometer.obj
c:\users\eldar\desktop\new folder (3)\output\debug\guidemo_start.obj
c:\users\eldar\desktop\new folder (3)\output\debug\guidemo_transparentdialog.obj
c:\users\eldar\desktop\new folder (3)\output\debug\guidemo_treeview.obj
c:\users\eldar\desktop\new folder (3)\output\debug\guidemo_vscreen.obj
c:\users\eldar\desktop\new folder (3)\output\debug\guidemo_washingmachine.obj
c:\users\eldar\desktop\new folder (3)\output\debug\guidemo_zoomandrotate.obj
c:\users\eldar\desktop\new folder (3)\output\debug\guiconf.obj
c:\users\eldar\desktop\new folder (3)\output\debug\lcdconf.obj
c:\users\eldar\desktop\new folder (3)\output\debug\simconf.obj
c:\users\eldar\desktop\new folder (3)\output\debug\winmain.obj
c:\users\eldar\desktop\new folder (3)\output\debug\guidemo_antialiasedtext.obj
c:\users\eldar\desktop\new folder (3)\output\debug\guidemo_automotive.obj
c:\users\eldar\desktop\new folder (3)\output\debug\guidemo_bargraph.obj
c:\users\eldar\desktop\new folder (3)\output\debug\guidemo_bitmap.obj
c:\users\eldar\desktop\new folder (3)\output\debug\guidemo_colorbar.obj
c:\users\eldar\desktop\new folder (3)\output\debug\guidemo_conf.obj
c:\users\eldar\desktop\new folder (3)\output\debug\guidemo_cursor.obj
c:\users\eldar\desktop\new folder (3)\output\debug\guidemo_fading.obj
h:\_elektronika\mikrokontroleri\arm cortex\fw\segger example\output\debug\guiconf.obj
h:\_elektronika\mikrokontroleri\arm cortex\fw\segger example\output\debug\guidemo_antialiasedtext.obj
h:\_elektronika\mikrokontroleri\arm cortex\fw\segger example\output\debug\guidemo_automotive.obj
h:\_elektronika\mikrokontroleri\arm cortex\fw\segger example\output\debug\guidemo_bargraph.obj
h:\_elektronika\mikrokontroleri\arm cortex\fw\segger example\output\debug\guidemo_bitmap.obj
h:\_elektronika\mikrokontroleri\arm cortex\fw\segger example\output\debug\guidemo_colorbar.obj
h:\_elektronika\mikrokontroleri\arm cortex\fw\segger example\output\debug\guidemo_conf.obj
h:\_elektronika\mikrokontroleri\arm cortex\fw\segger example\output\debug\guidemo_cursor.obj
h:\_elektronika\mikrokontroleri\arm cortex\fw\segger example\output\debug\guidemo_fading.obj
h:\_elektronika\mikrokontroleri\arm cortex\fw\segger example\output\debug\guidemo_graph.obj
h:\_elektronika\mikrokontroleri\arm cortex\fw\segger example\output\debug\guidemo_iconview.obj
h:\_elektronika\mikrokontroleri\arm cortex\fw\segger example\output\debug\guidemo_imageflow.obj
h:\_elektronika\mikrokontroleri\arm cortex\fw\segger example\output\debug\guidemo_intro.obj
h:\_elektronika\mikrokontroleri\arm cortex\fw\segger example\output\debug\guidemo_listview.obj
h:\_elektronika\mikrokontroleri\arm cortex\fw\segger example\output\debug\guidemo_radialmenu.obj
h:\_elektronika\mikrokontroleri\arm cortex\fw\segger example\output\debug\guidemo_resource.obj
h:\_elektronika\mikrokontroleri\arm cortex\fw\segger example\output\debug\guidemo_skinning.obj
h:\_elektronika\mikrokontroleri\arm cortex\fw\segger example\output\debug\guidemo_speed.obj
h:\_elektronika\mikrokontroleri\arm cortex\fw\segger example\output\debug\guidemo_speedometer.obj
h:\_elektronika\mikrokontroleri\arm cortex\fw\segger example\output\debug\guidemo_start.obj
h:\_elektronika\mikrokontroleri\arm cortex\fw\segger example\output\debug\guidemo_transparentdialog.obj
h:\_elektronika\mikrokontroleri\arm cortex\fw\segger example\output\debug\guidemo_treeview.obj
h:\_elektronika\mikrokontroleri\arm cortex\fw\segger example\output\debug\guidemo_vscreen.obj
h:\_elektronika\mikrokontroleri\arm cortex\fw\segger example\output\debug\guidemo_washingmachine.obj
h:\_elektronika\mikrokontroleri\arm cortex\fw\segger example\output\debug\guidemo_zoomandrotate.obj
h:\_elektronika\mikrokontroleri\arm cortex\fw\segger example\output\debug\lcdconf.obj
h:\_elektronika\mikrokontroleri\arm cortex\fw\segger example\output\debug\simconf.obj
h:\_elektronika\mikrokontroleri\arm cortex\fw\segger example\output\debug\winmain.obj
h:\_elektronika\mikrokontroleri\arm cortex\fw\segger example\output\debug\vc141.idb
h:\_elektronika\mikrokontroleri\arm cortex\fw\segger example\output\debug\vc141.pdb
h:\_elektronika\mikrokontroleri\arm cortex\fw\segger example\.\exe\guisimulationdebug.exe
h:\_elektronika\mikrokontroleri\arm cortex\fw\segger example\output\debug\simulationtrial.tlog\cl.command.1.tlog
h:\_elektronika\mikrokontroleri\arm cortex\fw\segger example\output\debug\simulationtrial.tlog\cl.read.1.tlog
h:\_elektronika\mikrokontroleri\arm cortex\fw\segger example\output\debug\simulationtrial.tlog\cl.write.1.tlog
