c:\users\eldar\desktop\new folder\start\output\emwinsimulation_debug\vc141.pdb
c:\users\eldar\desktop\new folder\start\output\emwinsimulation_debug\vc141.idb
c:\users\eldar\desktop\new folder\start\output\emwinsimulation_debug\sim_x.sbr
c:\users\eldar\desktop\new folder\start\output\emwinsimulation_debug\sim_x.obj
c:\users\eldar\desktop\new folder\start\output\emwinsimulation_debug\guiconf.sbr
c:\users\eldar\desktop\new folder\start\output\emwinsimulation_debug\seggerdemo.sbr
c:\users\eldar\desktop\new folder\start\output\emwinsimulation_debug\image_seggerlogo_300x150_565c.sbr
c:\users\eldar\desktop\new folder\start\output\emwinsimulation_debug\guidemo_zoomandrotate.sbr
c:\users\eldar\desktop\new folder\start\output\emwinsimulation_debug\guidemo_washingmachine.sbr
c:\users\eldar\desktop\new folder\start\output\emwinsimulation_debug\guidemo_vscreen.sbr
c:\users\eldar\desktop\new folder\start\output\emwinsimulation_debug\guidemo_treeview.sbr
c:\users\eldar\desktop\new folder\start\output\emwinsimulation_debug\guidemo_transparentdialog.sbr
c:\users\eldar\desktop\new folder\start\output\emwinsimulation_debug\guidemo_speedometer.sbr
c:\users\eldar\desktop\new folder\start\output\emwinsimulation_debug\guidemo_speed.sbr
c:\users\eldar\desktop\new folder\start\output\emwinsimulation_debug\guidemo_skinning.sbr
c:\users\eldar\desktop\new folder\start\output\emwinsimulation_debug\guidemo_resource.sbr
c:\users\eldar\desktop\new folder\start\output\emwinsimulation_debug\guidemo_radialmenu.sbr
c:\users\eldar\desktop\new folder\start\output\emwinsimulation_debug\guidemo_listview.sbr
c:\users\eldar\desktop\new folder\start\output\emwinsimulation_debug\guidemo_intro.sbr
c:\users\eldar\desktop\new folder\start\output\emwinsimulation_debug\guidemo_imageflow.sbr
c:\users\eldar\desktop\new folder\start\output\emwinsimulation_debug\guidemo_iconview.sbr
c:\users\eldar\desktop\new folder\start\output\emwinsimulation_debug\guidemo_graph.sbr
c:\users\eldar\desktop\new folder\start\output\emwinsimulation_debug\guidemo_fading.sbr
c:\users\eldar\desktop\new folder\start\output\emwinsimulation_debug\guidemo_cursor.sbr
c:\users\eldar\desktop\new folder\start\output\emwinsimulation_debug\guidemo_cursor.obj
c:\users\eldar\desktop\new folder\start\output\emwinsimulation_debug\guidemo_fading.obj
c:\users\eldar\desktop\new folder\start\output\emwinsimulation_debug\guidemo_graph.obj
c:\users\eldar\desktop\new folder\start\output\emwinsimulation_debug\guidemo_iconview.obj
c:\users\eldar\desktop\new folder\start\output\emwinsimulation_debug\guidemo_imageflow.obj
c:\users\eldar\desktop\new folder\start\output\emwinsimulation_debug\guidemo_intro.obj
c:\users\eldar\desktop\new folder\start\output\emwinsimulation_debug\guidemo_listview.obj
c:\users\eldar\desktop\new folder\start\output\emwinsimulation_debug\guidemo_radialmenu.obj
c:\users\eldar\desktop\new folder\start\output\emwinsimulation_debug\guidemo_resource.obj
c:\users\eldar\desktop\new folder\start\output\emwinsimulation_debug\guidemo_skinning.obj
c:\users\eldar\desktop\new folder\start\output\emwinsimulation_debug\guidemo_speed.obj
c:\users\eldar\desktop\new folder\start\output\emwinsimulation_debug\guidemo_speedometer.obj
c:\users\eldar\desktop\new folder\start\output\emwinsimulation_debug\guidemo_transparentdialog.obj
c:\users\eldar\desktop\new folder\start\output\emwinsimulation_debug\guidemo_treeview.obj
c:\users\eldar\desktop\new folder\start\output\emwinsimulation_debug\guidemo_vscreen.obj
c:\users\eldar\desktop\new folder\start\output\emwinsimulation_debug\guidemo_washingmachine.obj
c:\users\eldar\desktop\new folder\start\output\emwinsimulation_debug\guidemo_zoomandrotate.obj
c:\users\eldar\desktop\new folder\start\output\emwinsimulation_debug\image_seggerlogo_300x150_565c.obj
c:\users\eldar\desktop\new folder\start\output\emwinsimulation_debug\seggerdemo.obj
c:\users\eldar\desktop\new folder\start\output\emwinsimulation_debug\guiconf.obj
c:\users\eldar\desktop\new folder\start\output\emwinsimulation_debug\guidemo_colorbar.sbr
c:\users\eldar\desktop\new folder\start\output\emwinsimulation_debug\guidemo_bitmap.sbr
c:\users\eldar\desktop\new folder\start\output\emwinsimulation_debug\guidemo_bargraph.sbr
c:\users\eldar\desktop\new folder\start\output\emwinsimulation_debug\guidemo_automotive.sbr
c:\users\eldar\desktop\new folder\start\output\emwinsimulation_debug\guidemo_antialiasedtext.sbr
c:\users\eldar\desktop\new folder\start\output\emwinsimulation_debug\guidemo.sbr
c:\users\eldar\desktop\new folder\start\output\emwinsimulation_debug\guidemo.obj
c:\users\eldar\desktop\new folder\start\output\emwinsimulation_debug\guidemo_antialiasedtext.obj
c:\users\eldar\desktop\new folder\start\output\emwinsimulation_debug\guidemo_automotive.obj
c:\users\eldar\desktop\new folder\start\output\emwinsimulation_debug\guidemo_bargraph.obj
c:\users\eldar\desktop\new folder\start\output\emwinsimulation_debug\guidemo_bitmap.obj
c:\users\eldar\desktop\new folder\start\output\emwinsimulation_debug\guidemo_colorbar.obj
c:\users\eldar\desktop\new folder\start\output\emwinsimulation_debug\stm32f74.f9db65db.tlog\cl.command.1.tlog
c:\users\eldar\desktop\new folder\start\output\emwinsimulation_debug\stm32f74.f9db65db.tlog\cl.read.1.tlog
c:\users\eldar\desktop\new folder\start\output\emwinsimulation_debug\stm32f74.f9db65db.tlog\cl.write.1.tlog
c:\users\eldar\desktop\new folder\start\output\emwinsimulation_debug\stm32f74.f9db65db.tlog\link-cvtres.read.1.tlog
c:\users\eldar\desktop\new folder\start\output\emwinsimulation_debug\stm32f74.f9db65db.tlog\link-cvtres.write.1.tlog
c:\users\eldar\desktop\new folder\start\output\emwinsimulation_debug\stm32f74.f9db65db.tlog\link-rc.read.1.tlog
c:\users\eldar\desktop\new folder\start\output\emwinsimulation_debug\stm32f74.f9db65db.tlog\link-rc.write.1.tlog
c:\users\eldar\desktop\new folder\start\output\emwinsimulation_debug\stm32f74.f9db65db.tlog\link.command.1.tlog
c:\users\eldar\desktop\new folder\start\output\emwinsimulation_debug\stm32f74.f9db65db.tlog\link.read.1.tlog
c:\users\eldar\desktop\new folder\start\output\emwinsimulation_debug\stm32f74.f9db65db.tlog\link.write.1.tlog
