GUIDEMO_ColorBar.obj : error LNK2019: unresolved external symbol _memset referenced in function _GUIDEMO_ColorBar
libcmt.lib(utility_desktop.obj) : error LNK2001: unresolved external symbol _memset
GUIDEMO_Intro.obj : error LNK2019: unresolved external symbol _strcat referenced in function _GUIDEMO_Intro
GUIDEMO_Skinning.obj : error LNK2001: unresolved external symbol _strcat
GUIDEMO_Listview.obj : error LNK2019: unresolved external symbol ___stdio_common_vsprintf referenced in function __vsnprintf_l
GUIDEMO_Listview.obj : error LNK2019: unresolved external symbol _rand referenced in function __AddRow
GUIDEMO_Speed.obj : error LNK2001: unresolved external symbol _rand
GUIDEMO_Listview.obj : error LNK2019: unresolved external symbol _strcpy referenced in function __AddRow
GUIDEMO_Skinning.obj : error LNK2001: unresolved external symbol _strcpy
GUIDEMO_WashingMachine.obj : error LNK2019: unresolved external symbol _sqrt referenced in function __DrawGradientRoundBar
GUIx86_trial.lib(GUIDEV_Perspective.obj) : error LNK2001: unresolved external symbol _sqrt
libcmt.lib(exe_winmain.obj) : error LNK2019: unresolved external symbol __seh_filter_exe referenced in function "int __cdecl __scrt_common_main_seh(void)" (?__scrt_common_main_seh@@YAHXZ)
libcmt.lib(exe_winmain.obj) : error LNK2019: unresolved external symbol __set_app_type referenced in function "int __cdecl pre_c_initialization(void)" (?pre_c_initialization@@YAHXZ)
libcmt.lib(exe_winmain.obj) : error LNK2019: unresolved external symbol ___setusermatherr referenced in function "int __cdecl pre_c_initialization(void)" (?pre_c_initialization@@YAHXZ)
libcmt.lib(exe_winmain.obj) : error LNK2019: unresolved external symbol __configure_narrow_argv referenced in function "int __cdecl pre_c_initialization(void)" (?pre_c_initialization@@YAHXZ)
libcmt.lib(utility.obj) : error LNK2001: unresolved external symbol __configure_narrow_argv
libcmt.lib(exe_winmain.obj) : error LNK2019: unresolved external symbol __initialize_narrow_environment referenced in function "int __cdecl pre_c_initialization(void)" (?pre_c_initialization@@YAHXZ)
libcmt.lib(utility.obj) : error LNK2001: unresolved external symbol __initialize_narrow_environment
libcmt.lib(exe_winmain.obj) : error LNK2019: unresolved external symbol __get_narrow_winmain_command_line referenced in function "int __cdecl __scrt_common_main_seh(void)" (?__scrt_common_main_seh@@YAHXZ)
libcmt.lib(exe_winmain.obj) : error LNK2019: unresolved external symbol __initterm referenced in function "int __cdecl __scrt_common_main_seh(void)" (?__scrt_common_main_seh@@YAHXZ)
libcmt.lib(exe_winmain.obj) : error LNK2019: unresolved external symbol __initterm_e referenced in function "int __cdecl __scrt_common_main_seh(void)" (?__scrt_common_main_seh@@YAHXZ)
libcmt.lib(exe_winmain.obj) : error LNK2019: unresolved external symbol _exit referenced in function "int __cdecl __scrt_common_main_seh(void)" (?__scrt_common_main_seh@@YAHXZ)
libcmt.lib(exe_winmain.obj) : error LNK2019: unresolved external symbol __exit referenced in function "int __cdecl __scrt_common_main_seh(void)" (?__scrt_common_main_seh@@YAHXZ)
libcmt.lib(exe_winmain.obj) : error LNK2019: unresolved external symbol __set_fmode referenced in function "int __cdecl pre_c_initialization(void)" (?pre_c_initialization@@YAHXZ)
libcmt.lib(exe_winmain.obj) : error LNK2019: unresolved external symbol __cexit referenced in function "int __cdecl __scrt_common_main_seh(void)" (?__scrt_common_main_seh@@YAHXZ)
libcmt.lib(utility.obj) : error LNK2001: unresolved external symbol __cexit
libcmt.lib(exe_winmain.obj) : error LNK2019: unresolved external symbol __c_exit referenced in function "int __cdecl __scrt_common_main_seh(void)" (?__scrt_common_main_seh@@YAHXZ)
libcmt.lib(exe_winmain.obj) : error LNK2019: unresolved external symbol __register_thread_local_exe_atexit_callback referenced in function "int __cdecl __scrt_common_main_seh(void)" (?__scrt_common_main_seh@@YAHXZ)
libcmt.lib(exe_winmain.obj) : error LNK2019: unresolved external symbol __configthreadlocale referenced in function "int __cdecl pre_c_initialization(void)" (?pre_c_initialization@@YAHXZ)
libcmt.lib(exe_winmain.obj) : error LNK2019: unresolved external symbol __set_new_mode referenced in function "void __cdecl pre_cpp_initialization(void)" (?pre_cpp_initialization@@YAXXZ)
libcmt.lib(exe_winmain.obj) : error LNK2019: unresolved external symbol ___p__commode referenced in function "int __cdecl pre_c_initialization(void)" (?pre_c_initialization@@YAHXZ)
libcmt.lib(exe_winmain.obj) : error LNK2001: unresolved external symbol __except_handler4
libcmt.lib(utility.obj) : error LNK2001: unresolved external symbol __except_handler4
libcmt.lib(sehprolg4.obj) : error LNK2001: unresolved external symbol __except_handler4
libcmt.lib(chandler4_noexcept.obj) : error LNK2001: unresolved external symbol __except_handler4
libcmt.lib(error.obj) : error LNK2019: unresolved external symbol _strcpy_s referenced in function "void __cdecl _RTC_StackFailure(void *,char const *)" (?_RTC_StackFailure@@YAXPAXPBD@Z)
libcmt.lib(error.obj) : error LNK2019: unresolved external symbol _strcat_s referenced in function "void __cdecl _RTC_StackFailure(void *,char const *)" (?_RTC_StackFailure@@YAXPAXPBD@Z)
libcmt.lib(error.obj) : error LNK2019: unresolved external symbol ___stdio_common_vsprintf_s referenced in function __vsprintf_s_l
libcmt.lib(utility.obj) : error LNK2019: unresolved external symbol __seh_filter_dll referenced in function ___scrt_dllmain_exception_filter
libcmt.lib(utility.obj) : error LNK2019: unresolved external symbol __initialize_onexit_table referenced in function ___scrt_initialize_onexit_tables
libcmt.lib(utility.obj) : error LNK2019: unresolved external symbol __register_onexit_function referenced in function __onexit
libcmt.lib(utility.obj) : error LNK2019: unresolved external symbol __execute_onexit_table referenced in function ___scrt_dllmain_uninitialize_c
libcmt.lib(utility.obj) : error LNK2019: unresolved external symbol __crt_atexit referenced in function __onexit
libcmt.lib(utility.obj) : error LNK2019: unresolved external symbol __crt_at_quick_exit referenced in function _at_quick_exit
libcmt.lib(tncleanup.obj) : error LNK2019: unresolved external symbol ___std_type_info_destroy_list referenced in function "void __cdecl __scrt_uninitialize_type_info(void)" (?__scrt_uninitialize_type_info@@YAXXZ)
libcmt.lib(default_precision.obj) : error LNK2019: unresolved external symbol __controlfp_s referenced in function __initialize_default_precision
libcmt.lib(utility_desktop.obj) : error LNK2019: unresolved external symbol _terminate referenced in function ___scrt_unhandled_exception_filter@4
libcmt.lib(chandler4_noexcept.obj) : error LNK2001: unresolved external symbol _terminate
libcmt.lib(utility_desktop.obj) : error LNK2019: unresolved external symbol ___current_exception referenced in function ___scrt_unhandled_exception_filter@4
libcmt.lib(chandler4_noexcept.obj) : error LNK2001: unresolved external symbol ___current_exception
libcmt.lib(utility_desktop.obj) : error LNK2019: unresolved external symbol ___current_exception_context referenced in function ___scrt_unhandled_exception_filter@4
libcmt.lib(chandler4_noexcept.obj) : error LNK2001: unresolved external symbol ___current_exception_context
libcmt.lib(pdblkup.obj) : error LNK2019: unresolved external symbol ___vcrt_GetModuleFileNameW referenced in function "int __cdecl _RTC_GetSrcLine(unsigned char *,wchar_t *,unsigned long,int *,wchar_t *,unsigned long)" (?_RTC_GetSrcLine@@YAHPAEPA_WKPAH1K@Z)
libcmt.lib(pdblkup.obj) : error LNK2019: unresolved external symbol ___vcrt_LoadLibraryExW referenced in function "struct HINSTANCE__ * __cdecl GetPdbDllFromInstallPath(void)" (?GetPdbDllFromInstallPath@@YAPAUHINSTANCE__@@XZ)
GUISIMx86.lib(GUI_VNC_X_StartServer.obj) : error LNK2019: unresolved external symbol _malloc referenced in function _GUI_VNC_X_StartServer
GUIx86_trial.lib(GUI_PolyRotate.obj) : error LNK2001: unresolved external symbol __ftol
GUIx86_trial.lib(GUI_Valf.obj) : error LNK2001: unresolved external symbol __ftol
GUISIMx86.lib(SIM_GUI_App.obj) : error LNK2001: unresolved external symbol __ftol
GUIx86_trial.lib(GUIDEV_Perspective.obj) : error LNK2001: unresolved external symbol __ftol
GUIx86_trial.lib(GUIDEV_MoveAndFadeWin.obj) : error LNK2001: unresolved external symbol __ftol
GUIx86_trial.lib(GUI_Arc.obj) : error LNK2001: unresolved external symbol __ftol
GUISIMx86.lib(SIM_GetRegions.obj) : error LNK2019: unresolved external symbol _free referenced in function __AddRegion
GUISIMx86.lib(SIM_GetRegions.obj) : error LNK2019: unresolved external symbol _memmove referenced in function __AddRegion
GUIx86_trial.lib(GUI_Alloc.obj) : error LNK2001: unresolved external symbol _memmove
GUIx86_trial.lib(GRAPH.obj) : error LNK2001: unresolved external symbol _memmove
GUIx86_trial.lib(EDIT.obj) : error LNK2001: unresolved external symbol _memmove
GUISIMx86.lib(SIM_GetRegions.obj) : error LNK2019: unresolved external symbol _calloc referenced in function __AddRegion
GUIx86_trial.lib(GUI_Arc.obj) : error LNK2019: unresolved external symbol _floor referenced in function __DrawArc
GUIx86_trial.lib(GUI_Valf.obj) : error LNK2001: unresolved external symbol _floor
GUIx86_trial.lib(GUI_Arc.obj) : error LNK2019: unresolved external symbol _ceil referenced in function __DrawArc
GUIx86_trial.lib(GUI_Valf.obj) : error LNK2001: unresolved external symbol _ceil
GUIx86_trial.lib(LISTVIEW_GetItemText.obj) : error LNK2019: unresolved external symbol _strncpy referenced in function _LISTVIEW_GetItemText
Windows\GUI\STM32F746_ST_STM32F746G_DISCO_emWin_Simulation_DEBUG.exe : fatal error LNK1120: 48 unresolved externals
